<?xml version="1.0" encoding="UTF-8"?>
<!-- Generated by org.testng.reporters.JUnitReportReporter -->
<testsuite hostname="Namrata" failures="0" tests="1" name="com.Test.TestCheckBoxes" time="0.209" errors="0" timestamp="2023-05-31T18:21:10 PDT" skipped="0">
  <testcase classname="com.Test.TestCheckBoxes" name="chkbx1" time="0.209"/>
  <system-out/>
</testsuite> <!-- com.Test.TestCheckBoxes -->
