<?xml version="1.0" encoding="UTF-8"?>
<!-- Generated by org.testng.reporters.JUnitReportReporter -->
<testsuite hostname="Namrata" failures="0" tests="2" name="com.Test.TestABTesting" time="1.040" errors="0" timestamp="2023-05-31T18:21:10 PDT" skipped="0">
  <testcase classname="com.Test.TestABTesting" name="hometest" time="0.506"/>
  <system-out/>
  <testcase classname="com.Test.TestABTesting" name="contentm" time="0.534"/>
  <system-out/>
</testsuite> <!-- com.Test.TestABTesting -->
