<?xml version="1.0" encoding="UTF-8"?>
<!-- Generated by org.testng.reporters.JUnitReportReporter -->
<testsuite hostname="Namrata" failures="0" tests="1" name="com.Test.TestBrokenImages" time="3.006" errors="0" timestamp="2023-05-31T18:21:10 PDT" skipped="0">
  <testcase classname="com.Test.TestBrokenImages" name="imgsrc" time="3.006"/>
  <system-out/>
</testsuite> <!-- com.Test.TestBrokenImages -->
