<?xml version="1.0" encoding="UTF-8"?>
<!-- Generated by org.testng.reporters.JUnitReportReporter -->
<testsuite hostname="Namrata" failures="0" tests="1" name="com.Test.TestNotificationMesssages" time="0.772" errors="0" timestamp="2023-05-31T18:21:10 PDT" skipped="0">
  <testcase classname="com.Test.TestNotificationMesssages" name="msg" time="0.772"/>
  <system-out/>
</testsuite> <!-- com.Test.TestNotificationMesssages -->
