<?xml version="1.0" encoding="UTF-8"?>
<!-- Generated by org.testng.reporters.JUnitReportReporter -->
<testsuite hostname="Namrata" failures="0" tests="1" name="com.Test.TestSecureFileDownload" time="6.943" errors="0" timestamp="2023-05-31T18:21:10 PDT" skipped="0">
  <testcase classname="com.Test.TestSecureFileDownload" name="filedownload" time="6.943"/>
  <system-out/>
</testsuite> <!-- com.Test.TestSecureFileDownload -->
