<?xml version="1.0" encoding="UTF-8"?>
<!-- Generated by org.testng.reporters.JUnitReportReporter -->
<testsuite hostname="Namrata" failures="0" tests="2" name="com.Test.TestHomePage" time="0.534" errors="0" timestamp="2023-05-31T18:21:10 PDT" skipped="0">
  <testcase classname="com.Test.TestHomePage" name="header1" time="0.058"/>
  <system-out/>
  <testcase classname="com.Test.TestHomePage" name="link2" time="0.476"/>
  <system-out/>
</testsuite> <!-- com.Test.TestHomePage -->
